<?xml version="1.0" encoding="UTF-8"?>
<!-- Generated by org.testng.reporters.JUnitXMLReporter -->
<testsuite hostname="bagal" ignored="0" tests="1" failures="1" timestamp="03 Sep 2019 05:59:30 GMT" time="0.671" errors="0">
  <testcase name="demoTest" time="0.003" classname="A2">
    <failure type="java.lang.AssertionError" message="expected [true] but found [false]">
      <![CDATA[java.lang.AssertionError: expected [true] but found [false]
at A2.demoTest(A2.java:16)
... Removed 29 stack frames]]>
    </failure>
  </testcase> <!-- demoTest -->
</testsuite>
