<?xml version="1.0" encoding="UTF-8"?>
<!-- Generated by org.testng.reporters.JUnitXMLReporter -->
<testsuite hostname="bagal" ignored="0" tests="3" failures="0" timestamp="28 Aug 2019 16:49:25 GMT" time="0.039" errors="0">
  <testcase name="demoTest" time="0.007" classname="A2">
    <skipped/>
  </testcase> <!-- demoTest -->
  <testcase name="demoTest" time="0.003" classname="A2">
    <skipped/>
  </testcase> <!-- demoTest -->
  <testcase name="demoTest" time="0.003" classname="A2"/>
</testsuite>
