<?xml version="1.0" encoding="UTF-8"?>
<!-- Generated by org.testng.reporters.JUnitXMLReporter -->
<testsuite hostname="bagal" ignored="0" tests="1" failures="1" timestamp="31 Aug 2019 06:18:30 GMT" time="0.011" errors="0">
  <testcase name="demoTest" time="0.002" classname="A2">
    <failure type="java.lang.AssertionError" message="expected [true] but found [false]">
      <![CDATA[java.lang.AssertionError: expected [true] but found [false]
at A2.demoTest(A2.java:14)
... Removed 29 stack frames]]>
    </failure>
  </testcase> <!-- demoTest -->
</testsuite>
