<?xml version="1.0" encoding="UTF-8"?>
<!-- Generated by org.testng.reporters.JUnitXMLReporter -->
<testsuite hostname="bagal" ignored="1" name="Test" tests="8" failures="0" timestamp="30 Aug 2019 05:44:18 GMT" time="0.593" errors="0">
  <testcase name="test1" time="0.024" classname="com.framework.paratus.avactis.testScript.Test1"/>
  <testcase name="test2" time="0.002" classname="com.framework.paratus.avactis.testScript.Test1"/>
  <testcase name="test3" time="0.002" classname="com.framework.paratus.avactis.testScript.Test1"/>
  <testcase name="test4" time="0.002" classname="com.framework.paratus.avactis.testScript.Test1"/>
  <testcase name="test1" time="0.001" classname="com.framework.paratus.avactis.testScript.Test2"/>
  <testcase name="test2" time="0.001" classname="com.framework.paratus.avactis.testScript.Test2"/>
  <testcase name="test3" time="0.001" classname="com.framework.paratus.avactis.testScript.Test2"/>
  <testcase name="test4" time="0.002" classname="com.framework.paratus.avactis.testScript.Test2"/>
  <testcase name="@BeforeSuite beforeSuite" time="0.0" classname="com.framework.paratus.avactis.testbase.TestBase">
    <ignored/>
  </testcase> <!-- @BeforeSuite beforeSuite -->
</testsuite> <!-- Test -->
